# JRE version: Java(TM) SE Runtime Environment (8.0_60-b27) (build 1.8.0_60-b27)
# Java VM: Java HotSpot(TM) 64-Bit Server VM (25.60-b23 mixed mode windows-amd64 compressed oops)
Heap:
 PSYoungGen      total 204288K, used 0K [0x00000000d5b80000, 0x00000000e3500000, 0x0000000100000000)
  eden space 185856K, 0% used [0x00000000d5b80000,0x00000000d5b80000,0x00000000e1100000)
  from space 18432K, 0% used [0x00000000e1100000,0x00000000e1100000,0x00000000e2300000)
  to   space 16896K, 0% used [0x00000000e2480000,0x00000000e2480000,0x00000000e3500000)
 ParOldGen       total 84992K, used 19863K [0x0000000081200000, 0x0000000086500000, 0x00000000d5b80000)
  object space 84992K, 23% used [0x0000000081200000,0x0000000082565d00,0x0000000086500000)
 Metaspace       used 34421K, capacity 35210K, committed 35416K, reserved 1081344K
  class space    used 4294K, capacity 4455K, committed 4480K, reserved 1048576K
GC Heap History (10 events):
Event: 10.103 GC heap after
Heap after GC invocations=9 (full 1):
 PSYoungGen      total 143872K, used 11258K [0x00000000d5b80000, 0x00000000df480000, 0x0000000100000000)
  eden space 132608K, 0% used [0x00000000d5b80000,0x00000000d5b80000,0x00000000ddd00000)
  from space 11264K, 99% used [0x00000000de880000,0x00000000df37ea50,0x00000000df380000)
  to   space 11776K, 0% used [0x00000000ddd00000,0x00000000ddd00000,0x00000000de880000)
 ParOldGen       total 56832K, used 24119K [0x0000000081200000, 0x0000000084980000, 0x00000000d5b80000)
  object space 56832K, 42% used [0x0000000081200000,0x000000008298dd08,0x0000000084980000)
 Metaspace       used 30524K, capacity 30784K, committed 31104K, reserved 1077248K
  class space    used 3805K, capacity 3888K, committed 3968K, reserved 1048576K
}
Event: 11.000 GC heap before
{Heap before GC invocations=10 (full 1):
 PSYoungGen      total 143872K, used 143866K [0x00000000d5b80000, 0x00000000df480000, 0x0000000100000000)
  eden space 132608K, 100% used [0x00000000d5b80000,0x00000000ddd00000,0x00000000ddd00000)
  from space 11264K, 99% used [0x00000000de880000,0x00000000df37ea50,0x00000000df380000)
  to   space 11776K, 0% used [0x00000000ddd00000,0x00000000ddd00000,0x00000000de880000)
 ParOldGen       total 56832K, used 24119K [0x0000000081200000, 0x0000000084980000, 0x00000000d5b80000)
  object space 56832K, 42% used [0x0000000081200000,0x000000008298dd08,0x0000000084980000)
 Metaspace       used 32485K, capacity 33322K, committed 33408K, reserved 1079296K
  class space    used 4001K, capacity 4167K, committed 4224K, reserved 1048576K
Event: 11.037 GC heap after
Heap after GC invocations=10 (full 1):
 PSYoungGen      total 144384K, used 8958K [0x00000000d5b80000, 0x00000000e3680000, 0x0000000100000000)
  eden space 132608K, 0% used [0x00000000d5b80000,0x00000000d5b80000,0x00000000ddd00000)
  from space 11776K, 76% used [0x00000000ddd00000,0x00000000de5bfaf8,0x00000000de880000)
  to   space 18432K, 0% used [0x00000000e2480000,0x00000000e2480000,0x00000000e3680000)
 ParOldGen       total 56832K, used 24119K [0x0000000081200000, 0x0000000084980000, 0x00000000d5b80000)
  object space 56832K, 42% used [0x0000000081200000,0x000000008298dd08,0x0000000084980000)
 Metaspace       used 32485K, capacity 33322K, committed 33408K, reserved 1079296K
  class space    used 4001K, capacity 4167K, committed 4224K, reserved 1048576K
}
Event: 11.481 GC heap before
{Heap before GC invocations=11 (full 1):
 PSYoungGen      total 144384K, used 43559K [0x00000000d5b80000, 0x00000000e3680000, 0x0000000100000000)
  eden space 132608K, 26% used [0x00000000d5b80000,0x00000000d7d4a4a0,0x00000000ddd00000)
  from space 11776K, 76% used [0x00000000ddd00000,0x00000000de5bfaf8,0x00000000de880000)
  to   space 18432K, 0% used [0x00000000e2480000,0x00000000e2480000,0x00000000e3680000)
 ParOldGen       total 56832K, used 24119K [0x0000000081200000, 0x0000000084980000, 0x00000000d5b80000)
  object space 56832K, 42% used [0x0000000081200000,0x000000008298dd08,0x0000000084980000)
 Metaspace       used 34421K, capacity 35210K, committed 35416K, reserved 1081344K
  class space    used 4294K, capacity 4455K, committed 4480K, reserved 1048576K
Event: 11.503 GC heap after
Heap after GC invocations=11 (full 1):
 PSYoungGen      total 202752K, used 4404K [0x00000000d5b80000, 0x00000000e3500000, 0x0000000100000000)
  eden space 185856K, 0% used [0x00000000d5b80000,0x00000000d5b80000,0x00000000e1100000)
  from space 16896K, 26% used [0x00000000e2480000,0x00000000e28cd3b0,0x00000000e3500000)
  to   space 18432K, 0% used [0x00000000e1100000,0x00000000e1100000,0x00000000e2300000)
 ParOldGen       total 56832K, used 30360K [0x0000000081200000, 0x0000000084980000, 0x00000000d5b80000)
  object space 56832K, 53% used [0x0000000081200000,0x0000000082fa6178,0x0000000084980000)
 Metaspace       used 34421K, capacity 35210K, committed 35416K, reserved 1081344K
  class space    used 4294K, capacity 4455K, committed 4480K, reserved 1048576K
}
Event: 11.504 GC heap before
{Heap before GC invocations=12 (full 2):
 PSYoungGen      total 202752K, used 4404K [0x00000000d5b80000, 0x00000000e3500000, 0x0000000100000000)
  eden space 185856K, 0% used [0x00000000d5b80000,0x00000000d5b80000,0x00000000e1100000)
  from space 16896K, 26% used [0x00000000e2480000,0x00000000e28cd3b0,0x00000000e3500000)
  to   space 18432K, 0% used [0x00000000e1100000,0x00000000e1100000,0x00000000e2300000)
 ParOldGen       total 56832K, used 30360K [0x0000000081200000, 0x0000000084980000, 0x00000000d5b80000)
  object space 56832K, 53% used [0x0000000081200000,0x0000000082fa6178,0x0000000084980000)
 Metaspace       used 34421K, capacity 35210K, committed 35416K, reserved 1081344K
  class space    used 4294K, capacity 4455K, committed 4480K, reserved 1048576K
Event: 11.862 GC heap after
Heap after GC invocations=12 (full 2):
 PSYoungGen      total 202752K, used 0K [0x00000000d5b80000, 0x00000000e3500000, 0x0000000100000000)
  eden space 185856K, 0% used [0x00000000d5b80000,0x00000000d5b80000,0x00000000e1100000)
  from space 16896K, 0% used [0x00000000e2480000,0x00000000e2480000,0x00000000e3500000)
  to   space 18432K, 0% used [0x00000000e1100000,0x00000000e1100000,0x00000000e2300000)
 ParOldGen       total 84992K, used 19863K [0x0000000081200000, 0x0000000086500000, 0x00000000d5b80000)
  object space 84992K, 23% used [0x0000000081200000,0x0000000082565d00,0x0000000086500000)
 Metaspace       used 34421K, capacity 35210K, committed 35416K, reserved 1081344K
  class space    used 4294K, capacity 4455K, committed 4480K, reserved 1048576K
}
Event: 11.862 GC heap before
{Heap before GC invocations=13 (full 2):
 PSYoungGen      total 202752K, used 0K [0x00000000d5b80000, 0x00000000e3500000, 0x0000000100000000)
  eden space 185856K, 0% used [0x00000000d5b80000,0x00000000d5b80000,0x00000000e1100000)
  from space 16896K, 0% used [0x00000000e2480000,0x00000000e2480000,0x00000000e3500000)
  to   space 18432K, 0% used [0x00000000e1100000,0x00000000e1100000,0x00000000e2300000)
 ParOldGen       total 84992K, used 19863K [0x0000000081200000, 0x0000000086500000, 0x00000000d5b80000)
  object space 84992K, 23% used [0x0000000081200000,0x0000000082565d00,0x0000000086500000)
 Metaspace       used 34421K, capacity 35210K, committed 35416K, reserved 1081344K
  class space    used 4294K, capacity 4455K, committed 4480K, reserved 1048576K
Event: 11.864 GC heap after
Heap after GC invocations=13 (full 2):
 PSYoungGen      total 204288K, used 0K [0x00000000d5b80000, 0x00000000e3500000, 0x0000000100000000)
  eden space 185856K, 0% used [0x00000000d5b80000,0x00000000d5b80000,0x00000000e1100000)
  from space 18432K, 0% used [0x00000000e1100000,0x00000000e1100000,0x00000000e2300000)
  to   space 16896K, 0% used [0x00000000e2480000,0x00000000e2480000,0x00000000e3500000)
 ParOldGen       total 84992K, used 19863K [0x0000000081200000, 0x0000000086500000, 0x00000000d5b80000)
  object space 84992K, 23% used [0x0000000081200000,0x0000000082565d00,0x0000000086500000)
 Metaspace       used 34421K, capacity 35210K, committed 35416K, reserved 1081344K
  class space    used 4294K, capacity 4455K, committed 4480K, reserved 1048576K
}
Event: 11.864 GC heap before
{Heap before GC invocations=14 (full 3):
 PSYoungGen      total 204288K, used 0K [0x00000000d5b80000, 0x00000000e3500000, 0x0000000100000000)
  eden space 185856K, 0% used [0x00000000d5b80000,0x00000000d5b80000,0x00000000e1100000)
  from space 18432K, 0% used [0x00000000e1100000,0x00000000e1100000,0x00000000e2300000)
  to   space 16896K, 0% used [0x00000000e2480000,0x00000000e2480000,0x00000000e3500000)
 ParOldGen       total 84992K, used 19863K [0x0000000081200000, 0x0000000086500000, 0x00000000d5b80000)
  object space 84992K, 23% used [0x0000000081200000,0x0000000082565d00,0x0000000086500000)
 Metaspace       used 34421K, capacity 35210K, committed 35416K, reserved 1081344K
  class space    used 4294K, capacity 4455K, committed 4480K, reserved 1048576K

